\BOOKMARK [-1][-]{part.1}{I\040Morris-Lecar}{}% 1
\BOOKMARK [0][-]{chapter.1}{Generate\040system\040files\040for\040Morris-Lecar\040in\040a\040platinum\040model}{part.1}% 2
\BOOKMARK [1][-]{section.1.1}{Add\040MatCont\040path\040and\040load\040sym\040package\040if\040GNU\040Octave\040is\040used}{chapter.1}% 3
\BOOKMARK [1][-]{section.1.2}{Set\040the\040system\040name}{chapter.1}% 4
\BOOKMARK [1][-]{section.1.3}{Create\040coordinates\040and\040parameter\040names\040as\040strings}{chapter.1}% 5
\BOOKMARK [1][-]{section.1.4}{Create\040symbols\040for\040coordinates\040and\040parameters}{chapter.1}% 6
\BOOKMARK [1][-]{section.1.5}{Define\040fixed\040parameters}{chapter.1}% 7
\BOOKMARK [1][-]{section.1.6}{Define\040the\040system}{chapter.1}% 8
\BOOKMARK [1][-]{section.1.7}{Differentiate\040and\040generate\040code\040\(directional\040derivatives\)}{chapter.1}% 9
\BOOKMARK [1][-]{section.1.8}{Higher-order\040parameter-dependent\040multi-linear\040form.}{chapter.1}% 10
\BOOKMARK [0][-]{chapter.2}{Morris-Lecar\040Model}{part.1}% 11
\BOOKMARK [1][-]{section.2.1}{Overview}{chapter.2}% 12
\BOOKMARK [1][-]{section.2.2}{Load\040MatCont}{chapter.2}% 13
\BOOKMARK [1][-]{section.2.3}{Set\040the\040odefile}{chapter.2}% 14
\BOOKMARK [1][-]{section.2.4}{Define\040equilibrium}{chapter.2}% 15
\BOOKMARK [1][-]{section.2.5}{Continue\040equilibrium\040in\040parameter\040Iapp}{chapter.2}% 16
\BOOKMARK [1][-]{section.2.6}{Setup\040Hopf\040point}{chapter.2}% 17
\BOOKMARK [1][-]{section.2.7}{Continue\040Hopf\040point\040in\040parameters\040Iapp\040and\040v3}{chapter.2}% 18
\BOOKMARK [1][-]{section.2.8}{Initial\040prediction\040of\040homoclinic\040orbit\040near\040Bogdanov-Takens\040point\0401}{chapter.2}% 19
\BOOKMARK [1][-]{section.2.9}{Correct\040initial\040prediction\040of\040homoclinic\040orbit\040near\040bt1\040with\040Newton}{chapter.2}% 20
\BOOKMARK [1][-]{section.2.10}{Compare\040profiles\040of\040predicted\040and\040corrected\040solution\040\(bt1\)}{chapter.2}% 21
\BOOKMARK [1][-]{section.2.11}{Compare\040predictor\040and\040corrected\040solution\040in\040\(V,\040w\)\040phase-space}{chapter.2}% 22
\BOOKMARK [1][-]{section.2.12}{Continue\040homoclinic\040curve\040emanating\040from\040bt1}{chapter.2}% 23
\BOOKMARK [1][-]{section.2.13}{Compare\040predicted\040with\040computed\040parameters\040emanating\040from\040bt1}{chapter.2}% 24
\BOOKMARK [1][-]{section.2.14}{Bifurcation\040diagram\040in\040\(V,w\)\040phase-space}{chapter.2}% 25
\BOOKMARK [1][-]{section.2.15}{Continue\040homoclinic\040orbits\040from\040the\040remaining\040Bogdanov-Takens\040bifurcation\040points}{chapter.2}% 26
\BOOKMARK [1][-]{section.2.16}{Continue\040limit\040point\040from\040the\040first\040Bogdanov-Takens\040point}{chapter.2}% 27
\BOOKMARK [1][-]{section.2.17}{Extract\040Cusp\040points}{chapter.2}% 28
\BOOKMARK [1][-]{section.2.18}{Plot\040all\040curves\040in\040\(V,w\)-phase-space}{chapter.2}% 29
\BOOKMARK [1][-]{section.2.19}{Bifurcation\040plot}{chapter.2}% 30
\BOOKMARK [1][-]{section.2.20}{Convergence\040plot}{chapter.2}% 31
\BOOKMARK [-1][-]{part.2}{II\040CO-oxidation}{}% 32
\BOOKMARK [0][-]{chapter.3}{Generate\040system\040files\040for\040CO-oxidation\040in\040a\040platinum\040model}{part.2}% 33
\BOOKMARK [1][-]{section.3.1}{Add\040MatCont\040path\040and\040load\040sym\040package\040if\040GNU\040Octave\040is\040used}{chapter.3}% 34
\BOOKMARK [1][-]{section.3.2}{Set\040the\040system\040name}{chapter.3}% 35
\BOOKMARK [1][-]{section.3.3}{Create\040coordinates\040and\040parameter\040names\040as\040strings}{chapter.3}% 36
\BOOKMARK [1][-]{section.3.4}{Create\040symbols\040for\040coordinates\040and\040parameters}{chapter.3}% 37
\BOOKMARK [1][-]{section.3.5}{Define\040the\040system}{chapter.3}% 38
\BOOKMARK [1][-]{section.3.6}{Differentiate\040and\040generate\040code\040\(directional\040derivatives\)}{chapter.3}% 39
\BOOKMARK [1][-]{section.3.7}{Higher-order\040parameter-dependent\040multi-linear\040form.}{chapter.3}% 40
\BOOKMARK [0][-]{chapter.4}{CO-oxidation\040in\040a\040platinum\040model.}{part.2}% 41
\BOOKMARK [1][-]{section.4.1}{Overview}{chapter.4}% 42
\BOOKMARK [1][-]{section.4.2}{Load\040MatCont}{chapter.4}% 43
\BOOKMARK [1][-]{section.4.3}{Set\040the\040odefile}{chapter.4}% 44
\BOOKMARK [1][-]{section.4.4}{Define\040equilibrium}{chapter.4}% 45
\BOOKMARK [1][-]{section.4.5}{Continue\040equilibrium\040in\040parameter\040k2}{chapter.4}% 46
\BOOKMARK [1][-]{section.4.6}{Construct\040limit\040point}{chapter.4}% 47
\BOOKMARK [1][-]{section.4.7}{Continue\040limit\040point\040in\040parameters\040k\040and\040Tm}{chapter.4}% 48
\BOOKMARK [1][-]{section.4.8}{Initial\040prediction\040of\040homoclinic\040orbit\040near\040Bogdanov-Takens\040point\0401\040\(bt1\)}{chapter.4}% 49
\BOOKMARK [1][-]{section.4.9}{Correct\040initial\040prediction\040of\040homoclinic\040orbit\040near\040bt1\040with\040Newton}{chapter.4}% 50
\BOOKMARK [1][-]{section.4.10}{Compare\040profiles\040of\040predicted\040and\040corrected\040solution\040\(bt1\)}{chapter.4}% 51
\BOOKMARK [1][-]{section.4.11}{Compare\040predictor\040and\040corrected\040solution\040in\040\(x,\040y\)\040phase-space}{chapter.4}% 52
\BOOKMARK [1][-]{section.4.12}{Continue\040homoclinic\040curve\040emanating\040from\040Bogdanov-Takens\040point}{chapter.4}% 53
\BOOKMARK [1][-]{section.4.13}{Compare\040predicted\040with\040computed\040parameters\040emanating\040from\040bt1}{chapter.4}% 54
\BOOKMARK [1][-]{section.4.14}{Bifurcation\040diagram\040in\040\(x,s\)\040phase-space}{chapter.4}% 55
\BOOKMARK [1][-]{section.4.15}{Continue\040homoclinic\040curve\040emanating\040from\040Bogdanov-Takens\040point}{chapter.4}% 56
\BOOKMARK [1][-]{section.4.16}{Continue\040Hopf\040point\040from\040the\040first\040Bogdanov-Takens\040point}{chapter.4}% 57
\BOOKMARK [1][-]{section.4.17}{Bifurcation\040diagram\040in\040phase-space\040\(x,s\)}{chapter.4}% 58
\BOOKMARK [1][-]{section.4.18}{\376\377\000B\000i\000f\000u\000r\000c\000a\000t\000i\000o\000n\000\040\000d\000i\000a\000g\000r\000a\000m\000\040\000i\000n\000\040\000p\000a\000r\000a\000m\000e\000t\000e\000r\000-\000s\000p\000a\000c\000e\000\040\000\050\000k\0002\000,\000\040\003\273\000\051}{chapter.4}% 59
\BOOKMARK [1][-]{section.4.19}{Convergence\040plot}{chapter.4}% 60
\BOOKMARK [-1][-]{part.3}{III\040Predator\040Prey}{}% 61
\BOOKMARK [0][-]{chapter.5}{Generate\040system\040files\040for\040predator-prey\040system\040with\040constant\040rate\040harvesting}{part.3}% 62
\BOOKMARK [1][-]{section.5.1}{Add\040MatCont\040path\040and\040load\040sym\040package\040if\040GNU\040Octave\040is\040used}{chapter.5}% 63
\BOOKMARK [1][-]{section.5.2}{Set\040the\040system\040name}{chapter.5}% 64
\BOOKMARK [1][-]{section.5.3}{Create\040coordinates\040and\040parameter\040names\040as\040strings}{chapter.5}% 65
\BOOKMARK [1][-]{section.5.4}{Create\040symbols\040for\040coordinates\040and\040parameters}{chapter.5}% 66
\BOOKMARK [1][-]{section.5.5}{Define\040fixed\040parameters}{chapter.5}% 67
\BOOKMARK [1][-]{section.5.6}{Define\040the\040system}{chapter.5}% 68
\BOOKMARK [1][-]{section.5.7}{Differentiate\040and\040generate\040code\040\(directional\040derivatives\)}{chapter.5}% 69
\BOOKMARK [1][-]{section.5.8}{Higher-order\040parameter-dependent\040multi-linear\040form.}{chapter.5}% 70
\BOOKMARK [0][-]{chapter.6}{Predator-prey\040system\040with\040constant\040harvesting\040rate}{part.3}% 71
\BOOKMARK [1][-]{section.6.1}{Overview}{chapter.6}% 72
\BOOKMARK [1][-]{section.6.2}{Load\040MatCont}{chapter.6}% 73
\BOOKMARK [1][-]{section.6.3}{Set\040the\040odefile}{chapter.6}% 74
\BOOKMARK [1][-]{section.6.4}{Define\040Bogdanov-Takens\040point\040manually}{chapter.6}% 75
\BOOKMARK [1][-]{section.6.5}{Continue\040homoclinic\040curve\040emanating\040from\040the\040Bogdanov-Takens\040point}{chapter.6}% 76
\BOOKMARK [1][-]{section.6.6}{Compare\040predicted\040with\040computed\040parameters}{chapter.6}% 77
\BOOKMARK [1][-]{section.6.7}{Bifurcation\040diagram\040in\040\(x,y\)\040phase-space}{chapter.6}% 78
\BOOKMARK [1][-]{section.6.8}{Convergence\040plot}{chapter.6}% 79
\BOOKMARK [-1][-]{part.4}{IV\040Bazykin}{}% 80
\BOOKMARK [0][-]{chapter.7}{\376\377\000G\000e\000n\000e\000r\000a\000t\000e\000\040\000s\000y\000s\000t\000e\000m\000\040\000f\000i\000l\000e\000s\000\040\000f\000o\000r\000\040\000t\000h\000e\000\040\000B\000a\000z\000y\000k\000i\000n\040\031\000s\000\040\000p\000r\000e\000d\000a\000t\000o\000r\000-\000p\000r\000e\000y\000\040\000s\000y\000s\000t\000e\000m}{part.4}% 81
\BOOKMARK [1][-]{section.7.1}{Add\040MatCont\040path\040and\040load\040sym\040package\040if\040GNU\040Octave\040is\040used}{chapter.7}% 82
\BOOKMARK [1][-]{section.7.2}{Define\040the\040system\040name}{chapter.7}% 83
\BOOKMARK [1][-]{section.7.3}{Create\040coordinates\040and\040parameter\040names\040as\040strings}{chapter.7}% 84
\BOOKMARK [1][-]{section.7.4}{Create\040symbols\040for\040coordinates\040and\040parameters}{chapter.7}% 85
\BOOKMARK [1][-]{section.7.5}{Define\040fixed\040parameters}{chapter.7}% 86
\BOOKMARK [1][-]{section.7.6}{Define\040the\040system}{chapter.7}% 87
\BOOKMARK [1][-]{section.7.7}{Differentiate\040and\040generate\040code\040\(directional\040derivatives\)}{chapter.7}% 88
\BOOKMARK [1][-]{section.7.8}{Higher-order\040parameter-dependent\040multi-linear\040form.}{chapter.7}% 89
\BOOKMARK [0][-]{chapter.8}{\376\377\000B\000a\000z\000y\000k\000i\000n\040\031\000s\000\040\000p\000r\000e\000d\000a\000t\000o\000r\000-\000p\000r\000e\000y\000\040\000e\000c\000o\000s\000y\000s\000t\000e\000m}{part.4}% 90
\BOOKMARK [1][-]{section.8.1}{Overview}{chapter.8}% 91
\BOOKMARK [1][-]{section.8.2}{Load\040MatCont}{chapter.8}% 92
\BOOKMARK [1][-]{section.8.3}{Set\040the\040odefile}{chapter.8}% 93
\BOOKMARK [1][-]{section.8.4}{Define\040Bogdanov-Takens\040point\040manually}{chapter.8}% 94
\BOOKMARK [1][-]{section.8.5}{Continue\040homoclinic\040curve\040emanating\040from\040Bogdanov-Takens\040point}{chapter.8}% 95
\BOOKMARK [1][-]{section.8.6}{Compare\040predicted\040with\040computed\040parameters}{chapter.8}% 96
\BOOKMARK [1][-]{section.8.7}{Bifurcation\040diagram\040in\040phase-space\040\(x1,x2\)}{chapter.8}% 97
\BOOKMARK [1][-]{section.8.8}{Convergence\040plot}{chapter.8}% 98
\BOOKMARK [-1][-]{part.5}{V\040IFOC}{}% 99
\BOOKMARK [0][-]{chapter.9}{Generate\040system\040files\040for\040the\040indirect\040field\040oriented\040control\040system}{part.5}% 100
\BOOKMARK [1][-]{section.9.1}{Add\040MatCont\040path\040and\040load\040sym\040package\040if\040GNU\040Octave\040is\040used}{chapter.9}% 101
\BOOKMARK [1][-]{section.9.2}{Set\040the\040system\040name}{chapter.9}% 102
\BOOKMARK [1][-]{section.9.3}{Create\040coordinates\040and\040parameter\040names\040as\040strings}{chapter.9}% 103
\BOOKMARK [1][-]{section.9.4}{Create\040symbols\040for\040coordinates\040and\040parameters}{chapter.9}% 104
\BOOKMARK [1][-]{section.9.5}{Define\040fixed\040parameters}{chapter.9}% 105
\BOOKMARK [1][-]{section.9.6}{Define\040the\040system}{chapter.9}% 106
\BOOKMARK [1][-]{section.9.7}{Differentiate\040and\040generate\040code\040\(directional\040derivatives\)}{chapter.9}% 107
\BOOKMARK [1][-]{section.9.8}{Higher-order\040parameter-dependent\040multi-linear\040form.}{chapter.9}% 108
\BOOKMARK [0][-]{chapter.10}{Indirect\040field\040oriented\040control\040system}{part.5}% 109
\BOOKMARK [1][-]{section.10.1}{Overview}{chapter.10}% 110
\BOOKMARK [1][-]{section.10.2}{Load\040MatCont}{chapter.10}% 111
\BOOKMARK [1][-]{section.10.3}{Set\040the\040odefile}{chapter.10}% 112
\BOOKMARK [1][-]{section.10.4}{Define\040Bogdanov-Takens\040point\040manually}{chapter.10}% 113
\BOOKMARK [1][-]{section.10.5}{Continue\040homoclinic\040curve\040emanating\040from\040the\040Bogdanov-Takens\040point}{chapter.10}% 114
\BOOKMARK [1][-]{section.10.6}{Compare\040predicted\040with\040computed\040parameters}{chapter.10}% 115
\BOOKMARK [1][-]{section.10.7}{Plot\040of\040continued\040homoclinic\040solutions\040in\040\(x1,x2,x3\)\040phase-space}{chapter.10}% 116
\BOOKMARK [1][-]{section.10.8}{Convergence\040plot}{chapter.10}% 117
\BOOKMARK [-1][-]{part.6}{VI\040Extended\040Lorenz\04084}{}% 118
\BOOKMARK [0][-]{chapter.11}{Generate\040system\040files\040for\040the\040extended\040Lorenz-84\040model}{part.6}% 119
\BOOKMARK [1][-]{section.11.1}{Add\040MatCont\040path\040and\040load\040sym\040package\040if\040GNU\040Octave\040is\040used}{chapter.11}% 120
\BOOKMARK [1][-]{section.11.2}{Set\040the\040system\040name}{chapter.11}% 121
\BOOKMARK [1][-]{section.11.3}{Create\040coordinates\040and\040parameter\040names\040as\040strings}{chapter.11}% 122
\BOOKMARK [1][-]{section.11.4}{Create\040symbols\040for\040coordinates\040and\040parameters}{chapter.11}% 123
\BOOKMARK [1][-]{section.11.5}{Define\040fixed\040parameters}{chapter.11}% 124
\BOOKMARK [1][-]{section.11.6}{Define\040the\040system}{chapter.11}% 125
\BOOKMARK [1][-]{section.11.7}{Differentiate\040and\040generate\040code\040\(directional\040derivatives\)}{chapter.11}% 126
\BOOKMARK [1][-]{section.11.8}{Higher-order\040parameter-dependent\040multi-linear\040form.}{chapter.11}% 127
\BOOKMARK [0][-]{chapter.12}{The\040extended\040Lorenz-84\040model}{part.6}% 128
\BOOKMARK [1][-]{section.12.1}{Overview}{chapter.12}% 129
\BOOKMARK [1][-]{section.12.2}{Load\040MatCont}{chapter.12}% 130
\BOOKMARK [1][-]{section.12.3}{Set\040the\040odefile}{chapter.12}% 131
\BOOKMARK [1][-]{section.12.4}{Define\040Bogdanov-Takens\040point\040manually}{chapter.12}% 132
\BOOKMARK [1][-]{section.12.5}{Continue\040homoclinic\040curve\040emanating\040from\040the\040Bogdanov-Takens\040point}{chapter.12}% 133
\BOOKMARK [1][-]{section.12.6}{Compare\040predicted\040with\040computed\040parameters}{chapter.12}% 134
\BOOKMARK [1][-]{section.12.7}{Plot\040of\040continued\040homoclinic\040solutions\040in\040\(X,Y,Z\)\040phase-space}{chapter.12}% 135
\BOOKMARK [1][-]{section.12.8}{Convergence\040plot}{chapter.12}% 136
\BOOKMARK [-1][-]{part.7}{VII\040SIR\040model}{}% 137
\BOOKMARK [0][-]{chapter.13}{Generate\040system\040files\040for\040SIR\040model\040with\040the\040standard\040incidence\040rate}{part.7}% 138
\BOOKMARK [1][-]{section.13.1}{Add\040MatCont\040path\040and\040load\040sym\040package\040if\040GNU\040Octave\040is\040used}{chapter.13}% 139
\BOOKMARK [1][-]{section.13.2}{Set\040the\040system\040name}{chapter.13}% 140
\BOOKMARK [1][-]{section.13.3}{Create\040coordinates\040and\040parameter\040names\040as\040strings}{chapter.13}% 141
\BOOKMARK [1][-]{section.13.4}{Create\040symbols\040for\040coordinates\040and\040parameters}{chapter.13}% 142
\BOOKMARK [1][-]{section.13.5}{Define\040fixed\040parameters}{chapter.13}% 143
\BOOKMARK [1][-]{section.13.6}{Define\040the\040system}{chapter.13}% 144
\BOOKMARK [1][-]{section.13.7}{Differentiate\040and\040generate\040code\040\(directional\040derivatives\)}{chapter.13}% 145
\BOOKMARK [1][-]{section.13.8}{Higher-order\040parameter-dependent\040multi-linear\040form.}{chapter.13}% 146
\BOOKMARK [0][-]{chapter.14}{SIR\040model}{part.7}% 147
\BOOKMARK [1][-]{section.14.1}{Overview}{chapter.14}% 148
\BOOKMARK [1][-]{section.14.2}{Load\040MatCont}{chapter.14}% 149
\BOOKMARK [1][-]{section.14.3}{Set\040the\040odefile}{chapter.14}% 150
\BOOKMARK [1][-]{section.14.4}{Define\040equilibrium}{chapter.14}% 151
\BOOKMARK [1][-]{section.14.5}{Continue\040equilibrium\040in\040parameter\040b}{chapter.14}% 152
\BOOKMARK [1][-]{section.14.6}{Continue\040Hopf\040point}{chapter.14}% 153
\BOOKMARK [1][-]{section.14.7}{Continue\040homoclinic\040curve\040emanating\040from\040the\040Bogdanov-Takens\040point}{chapter.14}% 154
\BOOKMARK [1][-]{section.14.8}{Compare\040predicted\040with\040computed\040parameters}{chapter.14}% 155
\BOOKMARK [1][-]{section.14.9}{Plot\040of\040continued\040homoclinic\040solutions\040in\040phase-space}{chapter.14}% 156
\BOOKMARK [1][-]{section.14.10}{Convergence\040plot}{chapter.14}% 157
\BOOKMARK [-1][-]{part.8}{VIII\040Hodgkin-Huxley}{}% 158
\BOOKMARK [0][-]{chapter.15}{Generate\040system\040files\040for\040Hodgkin-Huxley\040equations}{part.8}% 159
\BOOKMARK [1][-]{section.15.1}{Add\040MatCont\040path\040and\040load\040sym\040package\040if\040GNU\040Octave\040is\040used}{chapter.15}% 160
\BOOKMARK [1][-]{section.15.2}{Set\040the\040system\040name}{chapter.15}% 161
\BOOKMARK [1][-]{section.15.3}{Create\040coordinates\040and\040parameter\040names\040as\040strings}{chapter.15}% 162
\BOOKMARK [1][-]{section.15.4}{Create\040symbols\040for\040parameters}{chapter.15}% 163
\BOOKMARK [1][-]{section.15.5}{Create\040symbols\040for\040coordinates\040and\040parameters}{chapter.15}% 164
\BOOKMARK [1][-]{section.15.6}{Define\040fixed\040parameters}{chapter.15}% 165
\BOOKMARK [1][-]{section.15.7}{Define\040the\040system}{chapter.15}% 166
\BOOKMARK [1][-]{section.15.8}{Differentiate\040and\040generate\040code\040\(directional\040derivatives\)}{chapter.15}% 167
\BOOKMARK [1][-]{section.15.9}{Higher-order\040parameter-dependent\040multi-linear\040form.}{chapter.15}% 168
\BOOKMARK [0][-]{chapter.16}{Hodgkin\040Huxley\040equations}{part.8}% 169
\BOOKMARK [1][-]{section.16.1}{Overview}{chapter.16}% 170
\BOOKMARK [1][-]{section.16.2}{Load\040MatCont}{chapter.16}% 171
\BOOKMARK [1][-]{section.16.3}{Set\040the\040odefile}{chapter.16}% 172
\BOOKMARK [1][-]{section.16.4}{Define\040Bogdanov-Takens\040point\040manually}{chapter.16}% 173
\BOOKMARK [1][-]{section.16.5}{Continue\040homoclinic\040curve\040emanating\040from\040the\040Bogdanov-Takens\040point}{chapter.16}% 174
\BOOKMARK [1][-]{section.16.6}{Compare\040predicted\040with\040computed\040parameters}{chapter.16}% 175
\BOOKMARK [1][-]{section.16.7}{Plot\040of\040continued\040homoclinic\040solutions}{chapter.16}% 176
\BOOKMARK [1][-]{section.16.8}{Convergence\040plot}{chapter.16}% 177
\BOOKMARK [0][-]{chapter.17}{Save\040data\040to\040files}{part.8}% 178
\BOOKMARK [-1][-]{part.9}{IX\040Homoclinic\040RG\040flows}{}% 179
\BOOKMARK [0][-]{chapter.18}{Generate\040system\040files\040for\040Homoclinic\040RG\040flows}{part.9}% 180
\BOOKMARK [1][-]{section.18.1}{Add\040MatCont\040path\040and\040load\040sym\040package\040if\040GNU\040Octave\040is\040used}{chapter.18}% 181
\BOOKMARK [1][-]{section.18.2}{Set\040the\040system\040name}{chapter.18}% 182
\BOOKMARK [1][-]{section.18.3}{Create\040coordinates\040and\040parameter\040names\040as\040strings}{chapter.18}% 183
\BOOKMARK [1][-]{section.18.4}{Create\040symbols\040for\040coordinates\040and\040parameters}{chapter.18}% 184
\BOOKMARK [1][-]{section.18.5}{Define\040beta\040functions}{chapter.18}% 185
\BOOKMARK [1][-]{section.18.6}{Define\040the\040system}{chapter.18}% 186
\BOOKMARK [1][-]{section.18.7}{Differentiate\040and\040generate\040code\040\(directional\040derivatives\)}{chapter.18}% 187
\BOOKMARK [1][-]{section.18.8}{Higher-order\040parameter-dependent\040multi-linear\040form.}{chapter.18}% 188
\BOOKMARK [0][-]{chapter.19}{Homoclinic\040RG\040flows}{part.9}% 189
\BOOKMARK [1][-]{section.19.1}{Overview}{chapter.19}% 190
\BOOKMARK [1][-]{section.19.2}{Load\040MatCont}{chapter.19}% 191
\BOOKMARK [1][-]{section.19.3}{Set\040the\040odefile}{chapter.19}% 192
\BOOKMARK [1][-]{section.19.4}{Define\040equilibrium}{chapter.19}% 193
\BOOKMARK [1][-]{section.19.5}{Continue\040equilibrium\040in\040parameter\040N}{chapter.19}% 194
\BOOKMARK [1][-]{section.19.6}{Setup\040Hopf\040point}{chapter.19}% 195
\BOOKMARK [1][-]{section.19.7}{Continue\040Hopf\040point\040in\040parameters\040M\040and\040N}{chapter.19}% 196
\BOOKMARK [1][-]{section.19.8}{Initial\040prediction\040of\040homoclinic\040orbit\040near\040Bogdanov-Takens\040point\0401}{chapter.19}% 197
\BOOKMARK [1][-]{section.19.9}{Correct\040initial\040prediction\040of\040homoclinic\040orbit\040near\040bt1\040with\040Newton}{chapter.19}% 198
\BOOKMARK [1][-]{section.19.10}{Compare\040profiles\040of\040predicted\040and\040corrected\040solution\040\(bt1\)}{chapter.19}% 199
\BOOKMARK [1][-]{section.19.11}{Compare\040predictor\040and\040corrected\040solution\040in\040\(g1,\040g2\)\040phase-space}{chapter.19}% 200
\BOOKMARK [1][-]{section.19.12}{Continue\040homoclinic\040curve\040emanating\040from\040the\040first\040Bogdanov-Takens\040point}{chapter.19}% 201
\BOOKMARK [1][-]{section.19.13}{Compare\040predicted\040with\040computed\040parameters\040emanating\040from\040bt1}{chapter.19}% 202
\BOOKMARK [1][-]{section.19.14}{Bifurcation\040diagram\040in\040\(g1,g2,g3\)\040phase-space}{chapter.19}% 203
\BOOKMARK [1][-]{section.19.15}{Continue\040limit\040points\040emanating\040from\040the\040Bogdanov-Takens\040point}{chapter.19}% 204
\BOOKMARK [1][-]{section.19.16}{Bifurcation\040plot}{chapter.19}% 205
\BOOKMARK [1][-]{section.19.17}{Convergence\040plot}{chapter.19}% 206
\BOOKMARK [0][-]{chapter.20}{Save\040data\040to\040files}{part.9}% 207
\BOOKMARK [-1][-]{part.10}{X\040Bogdanov-Takens}{}% 208
\BOOKMARK [0][-]{chapter.21}{Generate\040system\040files\040for\040predator-prey\040system\040with\040constant\040rate\040harvesting}{part.10}% 209
\BOOKMARK [1][-]{section.21.1}{Add\040MatCont\040path\040and\040load\040sym\040package\040if\040GNU\040Octave\040is\040used}{chapter.21}% 210
\BOOKMARK [1][-]{section.21.2}{Set\040the\040system\040name}{chapter.21}% 211
\BOOKMARK [1][-]{section.21.3}{Create\040coordinates\040and\040parameter\040names\040as\040strings}{chapter.21}% 212
\BOOKMARK [1][-]{section.21.4}{Create\040symbols\040for\040coordinates\040and\040parameters}{chapter.21}% 213
\BOOKMARK [1][-]{section.21.5}{Define\040the\040system}{chapter.21}% 214
\BOOKMARK [1][-]{section.21.6}{Differentiate\040and\040generate\040code\040\(directional\040derivatives\)}{chapter.21}% 215
\BOOKMARK [1][-]{section.21.7}{Higher-order\040parameter-dependent\040multi-linear\040form.}{chapter.21}% 216
\BOOKMARK [0][-]{chapter.22}{Bogdanov-Takens\040normal\040form}{part.10}% 217
\BOOKMARK [1][-]{section.22.1}{Overview}{chapter.22}% 218
\BOOKMARK [1][-]{section.22.2}{Load\040MatCont}{chapter.22}% 219
\BOOKMARK [1][-]{section.22.3}{Set\040the\040odefile}{chapter.22}% 220
\BOOKMARK [1][-]{section.22.4}{Define\040Bogdanov-Takens\040point}{chapter.22}% 221
\BOOKMARK [1][-]{section.22.5}{\376\377\000L\000i\000n\000d\000s\000t\000e\000d\000t\000-\000P\000o\000i\000n\000c\000a\000r\000\351\000\040\000w\000i\000t\000h\000\040\000a\000n\000d\000\040\000w\000i\000t\000h\000o\000u\000t\000\040\000h\000i\000g\000h\000e\000r\000\040\000o\000r\000d\000e\000r\000\040\000t\000i\000m\000e\000\040\000a\000p\000p\000r\000o\000x\000i\000m\000a\000t\000i\000o\000n}{chapter.22}% 222
\BOOKMARK [1][-]{section.22.6}{Compare\040predictor\040and\040corrected\040solution\040in\040\(w0,\040w1\)\040phase-space}{chapter.22}% 223
\BOOKMARK [1][-]{section.22.7}{Convergence\040plots}{chapter.22}% 224
\BOOKMARK [-1][-]{part.11}{XI\040References}{}% 225
\BOOKMARK [0][-]{chapter.23}{References}{part.11}% 226
\BOOKMARK [0][-]{chapter*.3}{Bibliography}{part.11}% 227
